\BOOKMARK [0][-]{title.0}{封面}{}% 1
\BOOKMARK [0][-]{toc.0}{目录}{}% 2
\BOOKMARK [0][-]{chapter*.2}{摘要}{}% 3
\BOOKMARK [0][-]{chapter*.3}{ABSTRACT}{}% 4
\BOOKMARK [0][-]{chapter.1}{先说重要的}{}% 5
\BOOKMARK [1][-]{section.1.1}{文档具体使用步骤}{chapter.1}% 6
\BOOKMARK [1][-]{section.1.2}{编译的方法}{chapter.1}% 7
\BOOKMARK [1][-]{section.1.3}{文档类型选择}{chapter.1}% 8
\BOOKMARK [1][-]{section.1.4}{打印的问题}{chapter.1}% 9
\BOOKMARK [1][-]{section.1.5}{提交电子文档}{chapter.1}% 10
\BOOKMARK [0][-]{chapter.2}{杂七杂八的话}{}% 11
\BOOKMARK [1][-]{section.2.1}{Readme}{chapter.2}% 12
\BOOKMARK [1][-]{section.2.2}{字体调节}{chapter.2}% 13
\BOOKMARK [1][-]{section.2.3}{字号调节}{chapter.2}% 14
\BOOKMARK [1][-]{section.2.4}{已加入的常用宏包}{chapter.2}% 15
\BOOKMARK [1][-]{section.2.5}{标点符号的问题}{chapter.2}% 16
\BOOKMARK [1][-]{section.2.6}{中英文间距问题}{chapter.2}% 17
\BOOKMARK [1][-]{section.2.7}{引用的问题}{chapter.2}% 18
\BOOKMARK [2][-]{subsection.2.7.1}{参考文献的引用}{section.2.7}% 19
\BOOKMARK [2][-]{subsection.2.7.2}{定理和公式的引用}{section.2.7}% 20
\BOOKMARK [1][-]{section.2.8}{图形与表格}{chapter.2}% 21
\BOOKMARK [0][-]{chapter.3}{其他事项}{}% 22
\BOOKMARK [0][-]{chapter.4}{武汉大学2016年博士学位论文撰写及印制规格的规定}{}% 23
\BOOKMARK [0][-]{chapter.5}{论文提交给图书馆}{}% 24
\BOOKMARK [0][-]{appendix.A}{测试1}{}% 25
\BOOKMARK [0][-]{appendix.B}{测试2}{}% 26
\BOOKMARK [0][-]{appendix.C}{测试3}{}% 27
\BOOKMARK [0][-]{section*.11}{参考文献}{}% 28
\BOOKMARK [0][-]{appendix*.13}{攻博期间发表的科研成果目录}{}% 29
\BOOKMARK [0][-]{appendix*.14}{致谢}{}% 30
